2014-07-31 08:19:43 Error: [MissingControllerException] Controller class InventarioController could not be found.
Exception Attributes: array (
  'class' => 'InventarioController',
  'plugin' => NULL,
)
Request URL: /Inventario/inventario/
Stack Trace:
#0 C:\xampp\htdocs\Inventario\app\webroot\index.php(108): Dispatcher->dispatch(Object(CakeRequest), Object(CakeResponse))
#1 {main}
2014-07-31 19:28:47 Error: [MissingActionException] Action AppController::index() could not be found.
Exception Attributes: array (
  'controller' => 'AppController',
  'action' => 'index',
)
Request URL: /Inventario/app/
Stack Trace:
#0 C:\xampp\htdocs\Inventario\lib\Cake\Routing\Dispatcher.php(191): Controller->invokeAction(Object(CakeRequest))
#1 C:\xampp\htdocs\Inventario\lib\Cake\Routing\Dispatcher.php(165): Dispatcher->_invoke(Object(AppController), Object(CakeRequest))
#2 C:\xampp\htdocs\Inventario\app\webroot\index.php(108): Dispatcher->dispatch(Object(CakeRequest), Object(CakeResponse))
#3 {main}
2014-07-31 20:15:53 Error: [MissingActionException] Action AppController::items() could not be found.
Exception Attributes: array (
  'controller' => 'AppController',
  'action' => 'items',
)
Request URL: /Inventario/app/items
Stack Trace:
#0 C:\xampp\htdocs\Inventario\lib\Cake\Routing\Dispatcher.php(191): Controller->invokeAction(Object(CakeRequest))
#1 C:\xampp\htdocs\Inventario\lib\Cake\Routing\Dispatcher.php(165): Dispatcher->_invoke(Object(AppController), Object(CakeRequest))
#2 C:\xampp\htdocs\Inventario\app\webroot\index.php(108): Dispatcher->dispatch(Object(CakeRequest), Object(CakeResponse))
#3 {main}
2014-07-31 20:16:03 Error: [MissingTableException] Table item_categories for model item_category was not found in datasource default.
Exception Attributes: array (
  'table' => 'item_categories',
  'class' => 'item_category',
  'ds' => 'default',
)
Request URL: /Inventario/items
Stack Trace:
#0 C:\xampp\htdocs\Inventario\lib\Cake\Model\Model.php(3525): Model->setSource('item_categories')
#1 C:\xampp\htdocs\Inventario\lib\Cake\Model\Model.php(1365): Model->getDataSource()
#2 C:\xampp\htdocs\Inventario\lib\Cake\Model\Datasource\DboSource.php(2494): Model->schema()
#3 C:\xampp\htdocs\Inventario\lib\Cake\Model\Datasource\DboSource.php(1719): DboSource->fields(Object(AppModel), 'item_category', '')
#4 C:\xampp\htdocs\Inventario\lib\Cake\Model\Datasource\DboSource.php(1093): DboSource->generateAssociationQuery(Object(Item), Object(AppModel), 'hasOne', 'item_category', Array, Array, false)
#5 C:\xampp\htdocs\Inventario\lib\Cake\Model\Model.php(2921): DboSource->read(Object(Item), Array)
#6 C:\xampp\htdocs\Inventario\lib\Cake\Model\Model.php(2893): Model->_readDataSource('all', Array)
#7 C:\xampp\htdocs\Inventario\lib\Cake\Controller\Component\PaginatorComponent.php(196): Model->find('all', Array)
#8 C:\xampp\htdocs\Inventario\app\Controller\ItemsController.php(27): PaginatorComponent->paginate()
#9 [internal function]: ItemsController->index()
#10 C:\xampp\htdocs\Inventario\lib\Cake\Controller\Controller.php(490): ReflectionMethod->invokeArgs(Object(ItemsController), Array)
#11 C:\xampp\htdocs\Inventario\lib\Cake\Routing\Dispatcher.php(191): Controller->invokeAction(Object(CakeRequest))
#12 C:\xampp\htdocs\Inventario\lib\Cake\Routing\Dispatcher.php(165): Dispatcher->_invoke(Object(ItemsController), Object(CakeRequest))
#13 C:\xampp\htdocs\Inventario\app\webroot\index.php(108): Dispatcher->dispatch(Object(CakeRequest), Object(CakeResponse))
#14 {main}
2014-07-31 21:16:38 Error: [MissingTableException] Table item_categories for model ItemCategory was not found in datasource default.
Exception Attributes: array (
  'table' => 'item_categories',
  'class' => 'ItemCategory',
  'ds' => 'default',
)
Request URL: /Inventario/items
Stack Trace:
#0 C:\xampp\htdocs\Inventario\lib\Cake\Model\Model.php(3525): Model->setSource('item_categories')
#1 C:\xampp\htdocs\Inventario\lib\Cake\Model\Model.php(1365): Model->getDataSource()
#2 C:\xampp\htdocs\Inventario\lib\Cake\Model\Datasource\DboSource.php(2494): Model->schema()
#3 C:\xampp\htdocs\Inventario\lib\Cake\Model\Datasource\DboSource.php(1719): DboSource->fields(Object(AppModel), 'ItemCategory', '')
#4 C:\xampp\htdocs\Inventario\lib\Cake\Model\Datasource\DboSource.php(1093): DboSource->generateAssociationQuery(Object(Item), Object(AppModel), 'belongsTo', 'ItemCategory', Array, Array, false)
#5 C:\xampp\htdocs\Inventario\lib\Cake\Model\Model.php(2921): DboSource->read(Object(Item), Array)
#6 C:\xampp\htdocs\Inventario\lib\Cake\Model\Model.php(2893): Model->_readDataSource('all', Array)
#7 C:\xampp\htdocs\Inventario\lib\Cake\Controller\Component\PaginatorComponent.php(196): Model->find('all', Array)
#8 C:\xampp\htdocs\Inventario\app\Controller\ItemsController.php(27): PaginatorComponent->paginate()
#9 [internal function]: ItemsController->index()
#10 C:\xampp\htdocs\Inventario\lib\Cake\Controller\Controller.php(490): ReflectionMethod->invokeArgs(Object(ItemsController), Array)
#11 C:\xampp\htdocs\Inventario\lib\Cake\Routing\Dispatcher.php(191): Controller->invokeAction(Object(CakeRequest))
#12 C:\xampp\htdocs\Inventario\lib\Cake\Routing\Dispatcher.php(165): Dispatcher->_invoke(Object(ItemsController), Object(CakeRequest))
#13 C:\xampp\htdocs\Inventario\app\webroot\index.php(108): Dispatcher->dispatch(Object(CakeRequest), Object(CakeResponse))
#14 {main}
2014-07-31 21:17:39 Error: [MissingTableException] Table item_categories for model ItemCategory was not found in datasource default.
Exception Attributes: array (
  'table' => 'item_categories',
  'class' => 'ItemCategory',
  'ds' => 'default',
)
Request URL: /Inventario/items
Stack Trace:
#0 C:\xampp\htdocs\Inventario\lib\Cake\Model\Model.php(3525): Model->setSource('item_categories')
#1 C:\xampp\htdocs\Inventario\lib\Cake\Model\Model.php(1365): Model->getDataSource()
#2 C:\xampp\htdocs\Inventario\lib\Cake\Model\Datasource\DboSource.php(2494): Model->schema()
#3 C:\xampp\htdocs\Inventario\lib\Cake\Model\Datasource\DboSource.php(1719): DboSource->fields(Object(AppModel), 'ItemCategory', '')
#4 C:\xampp\htdocs\Inventario\lib\Cake\Model\Datasource\DboSource.php(1093): DboSource->generateAssociationQuery(Object(Item), Object(AppModel), 'hasOne', 'ItemCategory', Array, Array, false)
#5 C:\xampp\htdocs\Inventario\lib\Cake\Model\Model.php(2921): DboSource->read(Object(Item), Array)
#6 C:\xampp\htdocs\Inventario\lib\Cake\Model\Model.php(2893): Model->_readDataSource('all', Array)
#7 C:\xampp\htdocs\Inventario\lib\Cake\Controller\Component\PaginatorComponent.php(196): Model->find('all', Array)
#8 C:\xampp\htdocs\Inventario\app\Controller\ItemsController.php(27): PaginatorComponent->paginate()
#9 [internal function]: ItemsController->index()
#10 C:\xampp\htdocs\Inventario\lib\Cake\Controller\Controller.php(490): ReflectionMethod->invokeArgs(Object(ItemsController), Array)
#11 C:\xampp\htdocs\Inventario\lib\Cake\Routing\Dispatcher.php(191): Controller->invokeAction(Object(CakeRequest))
#12 C:\xampp\htdocs\Inventario\lib\Cake\Routing\Dispatcher.php(165): Dispatcher->_invoke(Object(ItemsController), Object(CakeRequest))
#13 C:\xampp\htdocs\Inventario\app\webroot\index.php(108): Dispatcher->dispatch(Object(CakeRequest), Object(CakeResponse))
#14 {main}
2014-07-31 21:17:41 Error: [MissingTableException] Table item_categories for model ItemCategory was not found in datasource default.
Exception Attributes: array (
  'table' => 'item_categories',
  'class' => 'ItemCategory',
  'ds' => 'default',
)
Request URL: /Inventario/items
Stack Trace:
#0 C:\xampp\htdocs\Inventario\lib\Cake\Model\Model.php(3525): Model->setSource('item_categories')
#1 C:\xampp\htdocs\Inventario\lib\Cake\Model\Model.php(1365): Model->getDataSource()
#2 C:\xampp\htdocs\Inventario\lib\Cake\Model\Datasource\DboSource.php(2494): Model->schema()
#3 C:\xampp\htdocs\Inventario\lib\Cake\Model\Datasource\DboSource.php(1719): DboSource->fields(Object(AppModel), 'ItemCategory', '')
#4 C:\xampp\htdocs\Inventario\lib\Cake\Model\Datasource\DboSource.php(1093): DboSource->generateAssociationQuery(Object(Item), Object(AppModel), 'hasOne', 'ItemCategory', Array, Array, false)
#5 C:\xampp\htdocs\Inventario\lib\Cake\Model\Model.php(2921): DboSource->read(Object(Item), Array)
#6 C:\xampp\htdocs\Inventario\lib\Cake\Model\Model.php(2893): Model->_readDataSource('all', Array)
#7 C:\xampp\htdocs\Inventario\lib\Cake\Controller\Component\PaginatorComponent.php(196): Model->find('all', Array)
#8 C:\xampp\htdocs\Inventario\app\Controller\ItemsController.php(27): PaginatorComponent->paginate()
#9 [internal function]: ItemsController->index()
#10 C:\xampp\htdocs\Inventario\lib\Cake\Controller\Controller.php(490): ReflectionMethod->invokeArgs(Object(ItemsController), Array)
#11 C:\xampp\htdocs\Inventario\lib\Cake\Routing\Dispatcher.php(191): Controller->invokeAction(Object(CakeRequest))
#12 C:\xampp\htdocs\Inventario\lib\Cake\Routing\Dispatcher.php(165): Dispatcher->_invoke(Object(ItemsController), Object(CakeRequest))
#13 C:\xampp\htdocs\Inventario\app\webroot\index.php(108): Dispatcher->dispatch(Object(CakeRequest), Object(CakeResponse))
#14 {main}
2014-07-31 21:17:41 Error: [MissingTableException] Table item_categories for model ItemCategory was not found in datasource default.
Exception Attributes: array (
  'table' => 'item_categories',
  'class' => 'ItemCategory',
  'ds' => 'default',
)
Request URL: /Inventario/items
Stack Trace:
#0 C:\xampp\htdocs\Inventario\lib\Cake\Model\Model.php(3525): Model->setSource('item_categories')
#1 C:\xampp\htdocs\Inventario\lib\Cake\Model\Model.php(1365): Model->getDataSource()
#2 C:\xampp\htdocs\Inventario\lib\Cake\Model\Datasource\DboSource.php(2494): Model->schema()
#3 C:\xampp\htdocs\Inventario\lib\Cake\Model\Datasource\DboSource.php(1719): DboSource->fields(Object(AppModel), 'ItemCategory', '')
#4 C:\xampp\htdocs\Inventario\lib\Cake\Model\Datasource\DboSource.php(1093): DboSource->generateAssociationQuery(Object(Item), Object(AppModel), 'hasOne', 'ItemCategory', Array, Array, false)
#5 C:\xampp\htdocs\Inventario\lib\Cake\Model\Model.php(2921): DboSource->read(Object(Item), Array)
#6 C:\xampp\htdocs\Inventario\lib\Cake\Model\Model.php(2893): Model->_readDataSource('all', Array)
#7 C:\xampp\htdocs\Inventario\lib\Cake\Controller\Component\PaginatorComponent.php(196): Model->find('all', Array)
#8 C:\xampp\htdocs\Inventario\app\Controller\ItemsController.php(27): PaginatorComponent->paginate()
#9 [internal function]: ItemsController->index()
#10 C:\xampp\htdocs\Inventario\lib\Cake\Controller\Controller.php(490): ReflectionMethod->invokeArgs(Object(ItemsController), Array)
#11 C:\xampp\htdocs\Inventario\lib\Cake\Routing\Dispatcher.php(191): Controller->invokeAction(Object(CakeRequest))
#12 C:\xampp\htdocs\Inventario\lib\Cake\Routing\Dispatcher.php(165): Dispatcher->_invoke(Object(ItemsController), Object(CakeRequest))
#13 C:\xampp\htdocs\Inventario\app\webroot\index.php(108): Dispatcher->dispatch(Object(CakeRequest), Object(CakeResponse))
#14 {main}
2014-07-31 21:17:42 Error: [MissingTableException] Table item_categories for model ItemCategory was not found in datasource default.
Exception Attributes: array (
  'table' => 'item_categories',
  'class' => 'ItemCategory',
  'ds' => 'default',
)
Request URL: /Inventario/items
Stack Trace:
#0 C:\xampp\htdocs\Inventario\lib\Cake\Model\Model.php(3525): Model->setSource('item_categories')
#1 C:\xampp\htdocs\Inventario\lib\Cake\Model\Model.php(1365): Model->getDataSource()
#2 C:\xampp\htdocs\Inventario\lib\Cake\Model\Datasource\DboSource.php(2494): Model->schema()
#3 C:\xampp\htdocs\Inventario\lib\Cake\Model\Datasource\DboSource.php(1719): DboSource->fields(Object(AppModel), 'ItemCategory', '')
#4 C:\xampp\htdocs\Inventario\lib\Cake\Model\Datasource\DboSource.php(1093): DboSource->generateAssociationQuery(Object(Item), Object(AppModel), 'hasOne', 'ItemCategory', Array, Array, false)
#5 C:\xampp\htdocs\Inventario\lib\Cake\Model\Model.php(2921): DboSource->read(Object(Item), Array)
#6 C:\xampp\htdocs\Inventario\lib\Cake\Model\Model.php(2893): Model->_readDataSource('all', Array)
#7 C:\xampp\htdocs\Inventario\lib\Cake\Controller\Component\PaginatorComponent.php(196): Model->find('all', Array)
#8 C:\xampp\htdocs\Inventario\app\Controller\ItemsController.php(27): PaginatorComponent->paginate()
#9 [internal function]: ItemsController->index()
#10 C:\xampp\htdocs\Inventario\lib\Cake\Controller\Controller.php(490): ReflectionMethod->invokeArgs(Object(ItemsController), Array)
#11 C:\xampp\htdocs\Inventario\lib\Cake\Routing\Dispatcher.php(191): Controller->invokeAction(Object(CakeRequest))
#12 C:\xampp\htdocs\Inventario\lib\Cake\Routing\Dispatcher.php(165): Dispatcher->_invoke(Object(ItemsController), Object(CakeRequest))
#13 C:\xampp\htdocs\Inventario\app\webroot\index.php(108): Dispatcher->dispatch(Object(CakeRequest), Object(CakeResponse))
#14 {main}
2014-07-31 21:17:42 Error: [MissingTableException] Table item_categories for model ItemCategory was not found in datasource default.
Exception Attributes: array (
  'table' => 'item_categories',
  'class' => 'ItemCategory',
  'ds' => 'default',
)
Request URL: /Inventario/items
Stack Trace:
#0 C:\xampp\htdocs\Inventario\lib\Cake\Model\Model.php(3525): Model->setSource('item_categories')
#1 C:\xampp\htdocs\Inventario\lib\Cake\Model\Model.php(1365): Model->getDataSource()
#2 C:\xampp\htdocs\Inventario\lib\Cake\Model\Datasource\DboSource.php(2494): Model->schema()
#3 C:\xampp\htdocs\Inventario\lib\Cake\Model\Datasource\DboSource.php(1719): DboSource->fields(Object(AppModel), 'ItemCategory', '')
#4 C:\xampp\htdocs\Inventario\lib\Cake\Model\Datasource\DboSource.php(1093): DboSource->generateAssociationQuery(Object(Item), Object(AppModel), 'hasOne', 'ItemCategory', Array, Array, false)
#5 C:\xampp\htdocs\Inventario\lib\Cake\Model\Model.php(2921): DboSource->read(Object(Item), Array)
#6 C:\xampp\htdocs\Inventario\lib\Cake\Model\Model.php(2893): Model->_readDataSource('all', Array)
#7 C:\xampp\htdocs\Inventario\lib\Cake\Controller\Component\PaginatorComponent.php(196): Model->find('all', Array)
#8 C:\xampp\htdocs\Inventario\app\Controller\ItemsController.php(27): PaginatorComponent->paginate()
#9 [internal function]: ItemsController->index()
#10 C:\xampp\htdocs\Inventario\lib\Cake\Controller\Controller.php(490): ReflectionMethod->invokeArgs(Object(ItemsController), Array)
#11 C:\xampp\htdocs\Inventario\lib\Cake\Routing\Dispatcher.php(191): Controller->invokeAction(Object(CakeRequest))
#12 C:\xampp\htdocs\Inventario\lib\Cake\Routing\Dispatcher.php(165): Dispatcher->_invoke(Object(ItemsController), Object(CakeRequest))
#13 C:\xampp\htdocs\Inventario\app\webroot\index.php(108): Dispatcher->dispatch(Object(CakeRequest), Object(CakeResponse))
#14 {main}
2014-07-31 21:17:42 Error: [MissingTableException] Table item_categories for model ItemCategory was not found in datasource default.
Exception Attributes: array (
  'table' => 'item_categories',
  'class' => 'ItemCategory',
  'ds' => 'default',
)
Request URL: /Inventario/items
Stack Trace:
#0 C:\xampp\htdocs\Inventario\lib\Cake\Model\Model.php(3525): Model->setSource('item_categories')
#1 C:\xampp\htdocs\Inventario\lib\Cake\Model\Model.php(1365): Model->getDataSource()
#2 C:\xampp\htdocs\Inventario\lib\Cake\Model\Datasource\DboSource.php(2494): Model->schema()
#3 C:\xampp\htdocs\Inventario\lib\Cake\Model\Datasource\DboSource.php(1719): DboSource->fields(Object(AppModel), 'ItemCategory', '')
#4 C:\xampp\htdocs\Inventario\lib\Cake\Model\Datasource\DboSource.php(1093): DboSource->generateAssociationQuery(Object(Item), Object(AppModel), 'hasOne', 'ItemCategory', Array, Array, false)
#5 C:\xampp\htdocs\Inventario\lib\Cake\Model\Model.php(2921): DboSource->read(Object(Item), Array)
#6 C:\xampp\htdocs\Inventario\lib\Cake\Model\Model.php(2893): Model->_readDataSource('all', Array)
#7 C:\xampp\htdocs\Inventario\lib\Cake\Controller\Component\PaginatorComponent.php(196): Model->find('all', Array)
#8 C:\xampp\htdocs\Inventario\app\Controller\ItemsController.php(27): PaginatorComponent->paginate()
#9 [internal function]: ItemsController->index()
#10 C:\xampp\htdocs\Inventario\lib\Cake\Controller\Controller.php(490): ReflectionMethod->invokeArgs(Object(ItemsController), Array)
#11 C:\xampp\htdocs\Inventario\lib\Cake\Routing\Dispatcher.php(191): Controller->invokeAction(Object(CakeRequest))
#12 C:\xampp\htdocs\Inventario\lib\Cake\Routing\Dispatcher.php(165): Dispatcher->_invoke(Object(ItemsController), Object(CakeRequest))
#13 C:\xampp\htdocs\Inventario\app\webroot\index.php(108): Dispatcher->dispatch(Object(CakeRequest), Object(CakeResponse))
#14 {main}
2014-07-31 21:17:42 Error: [MissingTableException] Table item_categories for model ItemCategory was not found in datasource default.
Exception Attributes: array (
  'table' => 'item_categories',
  'class' => 'ItemCategory',
  'ds' => 'default',
)
Request URL: /Inventario/items
Stack Trace:
#0 C:\xampp\htdocs\Inventario\lib\Cake\Model\Model.php(3525): Model->setSource('item_categories')
#1 C:\xampp\htdocs\Inventario\lib\Cake\Model\Model.php(1365): Model->getDataSource()
#2 C:\xampp\htdocs\Inventario\lib\Cake\Model\Datasource\DboSource.php(2494): Model->schema()
#3 C:\xampp\htdocs\Inventario\lib\Cake\Model\Datasource\DboSource.php(1719): DboSource->fields(Object(AppModel), 'ItemCategory', '')
#4 C:\xampp\htdocs\Inventario\lib\Cake\Model\Datasource\DboSource.php(1093): DboSource->generateAssociationQuery(Object(Item), Object(AppModel), 'hasOne', 'ItemCategory', Array, Array, false)
#5 C:\xampp\htdocs\Inventario\lib\Cake\Model\Model.php(2921): DboSource->read(Object(Item), Array)
#6 C:\xampp\htdocs\Inventario\lib\Cake\Model\Model.php(2893): Model->_readDataSource('all', Array)
#7 C:\xampp\htdocs\Inventario\lib\Cake\Controller\Component\PaginatorComponent.php(196): Model->find('all', Array)
#8 C:\xampp\htdocs\Inventario\app\Controller\ItemsController.php(27): PaginatorComponent->paginate()
#9 [internal function]: ItemsController->index()
#10 C:\xampp\htdocs\Inventario\lib\Cake\Controller\Controller.php(490): ReflectionMethod->invokeArgs(Object(ItemsController), Array)
#11 C:\xampp\htdocs\Inventario\lib\Cake\Routing\Dispatcher.php(191): Controller->invokeAction(Object(CakeRequest))
#12 C:\xampp\htdocs\Inventario\lib\Cake\Routing\Dispatcher.php(165): Dispatcher->_invoke(Object(ItemsController), Object(CakeRequest))
#13 C:\xampp\htdocs\Inventario\app\webroot\index.php(108): Dispatcher->dispatch(Object(CakeRequest), Object(CakeResponse))
#14 {main}
2014-07-31 21:59:38 Error: [MissingControllerException] Controller class UnitsController could not be found.
Exception Attributes: array (
  'class' => 'UnitsController',
  'plugin' => NULL,
)
Request URL: /Inventario/units
Stack Trace:
#0 C:\xampp\htdocs\Inventario\app\webroot\index.php(108): Dispatcher->dispatch(Object(CakeRequest), Object(CakeResponse))
#1 {main}
2014-07-31 22:02:51 Error: [MissingActionException] Action UnitsController::index() could not be found.
Exception Attributes: array (
  'controller' => 'UnitsController',
  'action' => 'index',
)
Request URL: /Inventario/units
Stack Trace:
#0 C:\xampp\htdocs\Inventario\lib\Cake\Routing\Dispatcher.php(191): Controller->invokeAction(Object(CakeRequest))
#1 C:\xampp\htdocs\Inventario\lib\Cake\Routing\Dispatcher.php(165): Dispatcher->_invoke(Object(UnitsController), Object(CakeRequest))
#2 C:\xampp\htdocs\Inventario\app\webroot\index.php(108): Dispatcher->dispatch(Object(CakeRequest), Object(CakeResponse))
#3 {main}
2014-07-31 22:03:08 Error: [MissingActionException] Action UnitsController::index() could not be found.
Exception Attributes: array (
  'controller' => 'UnitsController',
  'action' => 'index',
)
Request URL: /Inventario/units
Stack Trace:
#0 C:\xampp\htdocs\Inventario\lib\Cake\Routing\Dispatcher.php(191): Controller->invokeAction(Object(CakeRequest))
#1 C:\xampp\htdocs\Inventario\lib\Cake\Routing\Dispatcher.php(165): Dispatcher->_invoke(Object(UnitsController), Object(CakeRequest))
#2 C:\xampp\htdocs\Inventario\app\webroot\index.php(108): Dispatcher->dispatch(Object(CakeRequest), Object(CakeResponse))
#3 {main}
2014-07-31 22:03:09 Error: [MissingActionException] Action UnitsController::index() could not be found.
Exception Attributes: array (
  'controller' => 'UnitsController',
  'action' => 'index',
)
Request URL: /Inventario/units
Stack Trace:
#0 C:\xampp\htdocs\Inventario\lib\Cake\Routing\Dispatcher.php(191): Controller->invokeAction(Object(CakeRequest))
#1 C:\xampp\htdocs\Inventario\lib\Cake\Routing\Dispatcher.php(165): Dispatcher->_invoke(Object(UnitsController), Object(CakeRequest))
#2 C:\xampp\htdocs\Inventario\app\webroot\index.php(108): Dispatcher->dispatch(Object(CakeRequest), Object(CakeResponse))
#3 {main}
2014-07-31 22:03:09 Error: [MissingActionException] Action UnitsController::index() could not be found.
Exception Attributes: array (
  'controller' => 'UnitsController',
  'action' => 'index',
)
Request URL: /Inventario/units
Stack Trace:
#0 C:\xampp\htdocs\Inventario\lib\Cake\Routing\Dispatcher.php(191): Controller->invokeAction(Object(CakeRequest))
#1 C:\xampp\htdocs\Inventario\lib\Cake\Routing\Dispatcher.php(165): Dispatcher->_invoke(Object(UnitsController), Object(CakeRequest))
#2 C:\xampp\htdocs\Inventario\app\webroot\index.php(108): Dispatcher->dispatch(Object(CakeRequest), Object(CakeResponse))
#3 {main}
2014-07-31 22:05:18 Error: [MissingActionException] Action UnitsController::index() could not be found.
Exception Attributes: array (
  'controller' => 'UnitsController',
  'action' => 'index',
)
Request URL: /Inventario/units
Stack Trace:
#0 C:\xampp\htdocs\Inventario\lib\Cake\Routing\Dispatcher.php(191): Controller->invokeAction(Object(CakeRequest))
#1 C:\xampp\htdocs\Inventario\lib\Cake\Routing\Dispatcher.php(165): Dispatcher->_invoke(Object(UnitsController), Object(CakeRequest))
#2 C:\xampp\htdocs\Inventario\app\webroot\index.php(108): Dispatcher->dispatch(Object(CakeRequest), Object(CakeResponse))
#3 {main}
2014-07-31 22:05:19 Error: [MissingActionException] Action UnitsController::index() could not be found.
Exception Attributes: array (
  'controller' => 'UnitsController',
  'action' => 'index',
)
Request URL: /Inventario/units
Stack Trace:
#0 C:\xampp\htdocs\Inventario\lib\Cake\Routing\Dispatcher.php(191): Controller->invokeAction(Object(CakeRequest))
#1 C:\xampp\htdocs\Inventario\lib\Cake\Routing\Dispatcher.php(165): Dispatcher->_invoke(Object(UnitsController), Object(CakeRequest))
#2 C:\xampp\htdocs\Inventario\app\webroot\index.php(108): Dispatcher->dispatch(Object(CakeRequest), Object(CakeResponse))
#3 {main}
2014-07-31 22:05:20 Error: [MissingActionException] Action UnitsController::index() could not be found.
Exception Attributes: array (
  'controller' => 'UnitsController',
  'action' => 'index',
)
Request URL: /Inventario/units
Stack Trace:
#0 C:\xampp\htdocs\Inventario\lib\Cake\Routing\Dispatcher.php(191): Controller->invokeAction(Object(CakeRequest))
#1 C:\xampp\htdocs\Inventario\lib\Cake\Routing\Dispatcher.php(165): Dispatcher->_invoke(Object(UnitsController), Object(CakeRequest))
#2 C:\xampp\htdocs\Inventario\app\webroot\index.php(108): Dispatcher->dispatch(Object(CakeRequest), Object(CakeResponse))
#3 {main}
2014-07-31 22:05:21 Error: [MissingActionException] Action UnitsController::index() could not be found.
Exception Attributes: array (
  'controller' => 'UnitsController',
  'action' => 'index',
)
Request URL: /Inventario/units
Stack Trace:
#0 C:\xampp\htdocs\Inventario\lib\Cake\Routing\Dispatcher.php(191): Controller->invokeAction(Object(CakeRequest))
#1 C:\xampp\htdocs\Inventario\lib\Cake\Routing\Dispatcher.php(165): Dispatcher->_invoke(Object(UnitsController), Object(CakeRequest))
#2 C:\xampp\htdocs\Inventario\app\webroot\index.php(108): Dispatcher->dispatch(Object(CakeRequest), Object(CakeResponse))
#3 {main}
2014-07-31 22:05:22 Error: [MissingActionException] Action UnitsController::index() could not be found.
Exception Attributes: array (
  'controller' => 'UnitsController',
  'action' => 'index',
)
Request URL: /Inventario/units
Stack Trace:
#0 C:\xampp\htdocs\Inventario\lib\Cake\Routing\Dispatcher.php(191): Controller->invokeAction(Object(CakeRequest))
#1 C:\xampp\htdocs\Inventario\lib\Cake\Routing\Dispatcher.php(165): Dispatcher->_invoke(Object(UnitsController), Object(CakeRequest))
#2 C:\xampp\htdocs\Inventario\app\webroot\index.php(108): Dispatcher->dispatch(Object(CakeRequest), Object(CakeResponse))
#3 {main}
2014-07-31 23:03:50 Error: [MissingControllerException] Controller class ItemsController could not be found.
Exception Attributes: array (
  'class' => 'ItemsController',
  'plugin' => NULL,
)
Request URL: /Inventario/items
Stack Trace:
#0 C:\xampp\htdocs\Inventario\app\webroot\index.php(108): Dispatcher->dispatch(Object(CakeRequest), Object(CakeResponse))
#1 {main}
2014-07-31 23:47:21 Error: [MissingTableException] Table item_units for model ItemUnit was not found in datasource default.
Exception Attributes: array (
  'table' => 'item_units',
  'class' => 'ItemUnit',
  'ds' => 'default',
)
Request URL: /Inventario/items
Stack Trace:
#0 C:\xampp\htdocs\Inventario\lib\Cake\Model\Model.php(3525): Model->setSource('item_units')
#1 C:\xampp\htdocs\Inventario\lib\Cake\Model\Model.php(1365): Model->getDataSource()
#2 C:\xampp\htdocs\Inventario\lib\Cake\Model\Datasource\DboSource.php(2494): Model->schema()
#3 C:\xampp\htdocs\Inventario\lib\Cake\Model\Datasource\DboSource.php(1719): DboSource->fields(Object(AppModel), 'ItemUnit', '')
#4 C:\xampp\htdocs\Inventario\lib\Cake\Model\Datasource\DboSource.php(1093): DboSource->generateAssociationQuery(Object(Item), Object(AppModel), 'belongsTo', 'ItemUnit', Array, Array, false)
#5 C:\xampp\htdocs\Inventario\lib\Cake\Model\Model.php(2921): DboSource->read(Object(Item), Array)
#6 C:\xampp\htdocs\Inventario\lib\Cake\Model\Model.php(2893): Model->_readDataSource('all', Array)
#7 C:\xampp\htdocs\Inventario\lib\Cake\Controller\Component\PaginatorComponent.php(196): Model->find('all', Array)
#8 C:\xampp\htdocs\Inventario\app\Controller\ItemsController.php(26): PaginatorComponent->paginate()
#9 [internal function]: ItemsController->index()
#10 C:\xampp\htdocs\Inventario\lib\Cake\Controller\Controller.php(490): ReflectionMethod->invokeArgs(Object(ItemsController), Array)
#11 C:\xampp\htdocs\Inventario\lib\Cake\Routing\Dispatcher.php(191): Controller->invokeAction(Object(CakeRequest))
#12 C:\xampp\htdocs\Inventario\lib\Cake\Routing\Dispatcher.php(165): Dispatcher->_invoke(Object(ItemsController), Object(CakeRequest))
#13 C:\xampp\htdocs\Inventario\app\webroot\index.php(108): Dispatcher->dispatch(Object(CakeRequest), Object(CakeResponse))
#14 {main}
2014-07-31 23:47:33 Error: [MissingTableException] Table item_units for model ItemUnit was not found in datasource default.
Exception Attributes: array (
  'table' => 'item_units',
  'class' => 'ItemUnit',
  'ds' => 'default',
)
Request URL: /Inventario/items/
Stack Trace:
#0 C:\xampp\htdocs\Inventario\lib\Cake\Model\Model.php(3525): Model->setSource('item_units')
#1 C:\xampp\htdocs\Inventario\lib\Cake\Model\Model.php(1365): Model->getDataSource()
#2 C:\xampp\htdocs\Inventario\lib\Cake\Model\Datasource\DboSource.php(2494): Model->schema()
#3 C:\xampp\htdocs\Inventario\lib\Cake\Model\Datasource\DboSource.php(1719): DboSource->fields(Object(AppModel), 'ItemUnit', '')
#4 C:\xampp\htdocs\Inventario\lib\Cake\Model\Datasource\DboSource.php(1093): DboSource->generateAssociationQuery(Object(Item), Object(AppModel), 'belongsTo', 'ItemUnit', Array, Array, false)
#5 C:\xampp\htdocs\Inventario\lib\Cake\Model\Model.php(2921): DboSource->read(Object(Item), Array)
#6 C:\xampp\htdocs\Inventario\lib\Cake\Model\Model.php(2893): Model->_readDataSource('all', Array)
#7 C:\xampp\htdocs\Inventario\lib\Cake\Controller\Component\PaginatorComponent.php(196): Model->find('all', Array)
#8 C:\xampp\htdocs\Inventario\app\Controller\ItemsController.php(26): PaginatorComponent->paginate()
#9 [internal function]: ItemsController->index()
#10 C:\xampp\htdocs\Inventario\lib\Cake\Controller\Controller.php(490): ReflectionMethod->invokeArgs(Object(ItemsController), Array)
#11 C:\xampp\htdocs\Inventario\lib\Cake\Routing\Dispatcher.php(191): Controller->invokeAction(Object(CakeRequest))
#12 C:\xampp\htdocs\Inventario\lib\Cake\Routing\Dispatcher.php(165): Dispatcher->_invoke(Object(ItemsController), Object(CakeRequest))
#13 C:\xampp\htdocs\Inventario\app\webroot\index.php(108): Dispatcher->dispatch(Object(CakeRequest), Object(CakeResponse))
#14 {main}
2014-07-31 23:49:29 Error: [MissingTableException] Table item_units for model ItemUnit was not found in datasource default.
Exception Attributes: array (
  'table' => 'item_units',
  'class' => 'ItemUnit',
  'ds' => 'default',
)
Request URL: /Inventario/items/
Stack Trace:
#0 C:\xampp\htdocs\Inventario\lib\Cake\Model\Model.php(3525): Model->setSource('item_units')
#1 C:\xampp\htdocs\Inventario\lib\Cake\Model\Model.php(1365): Model->getDataSource()
#2 C:\xampp\htdocs\Inventario\lib\Cake\Model\Datasource\DboSource.php(2494): Model->schema()
#3 C:\xampp\htdocs\Inventario\lib\Cake\Model\Datasource\DboSource.php(1719): DboSource->fields(Object(AppModel), 'ItemUnit', '')
#4 C:\xampp\htdocs\Inventario\lib\Cake\Model\Datasource\DboSource.php(1093): DboSource->generateAssociationQuery(Object(Item), Object(AppModel), 'belongsTo', 'ItemUnit', Array, Array, false)
#5 C:\xampp\htdocs\Inventario\lib\Cake\Model\Model.php(2921): DboSource->read(Object(Item), Array)
#6 C:\xampp\htdocs\Inventario\lib\Cake\Model\Model.php(2893): Model->_readDataSource('all', Array)
#7 C:\xampp\htdocs\Inventario\lib\Cake\Controller\Component\PaginatorComponent.php(196): Model->find('all', Array)
#8 C:\xampp\htdocs\Inventario\app\Controller\ItemsController.php(26): PaginatorComponent->paginate()
#9 [internal function]: ItemsController->index()
#10 C:\xampp\htdocs\Inventario\lib\Cake\Controller\Controller.php(490): ReflectionMethod->invokeArgs(Object(ItemsController), Array)
#11 C:\xampp\htdocs\Inventario\lib\Cake\Routing\Dispatcher.php(191): Controller->invokeAction(Object(CakeRequest))
#12 C:\xampp\htdocs\Inventario\lib\Cake\Routing\Dispatcher.php(165): Dispatcher->_invoke(Object(ItemsController), Object(CakeRequest))
#13 C:\xampp\htdocs\Inventario\app\webroot\index.php(108): Dispatcher->dispatch(Object(CakeRequest), Object(CakeResponse))
#14 {main}
2014-07-31 23:49:31 Error: [MissingTableException] Table item_units for model ItemUnit was not found in datasource default.
Exception Attributes: array (
  'table' => 'item_units',
  'class' => 'ItemUnit',
  'ds' => 'default',
)
Request URL: /Inventario/items/
Stack Trace:
#0 C:\xampp\htdocs\Inventario\lib\Cake\Model\Model.php(3525): Model->setSource('item_units')
#1 C:\xampp\htdocs\Inventario\lib\Cake\Model\Model.php(1365): Model->getDataSource()
#2 C:\xampp\htdocs\Inventario\lib\Cake\Model\Datasource\DboSource.php(2494): Model->schema()
#3 C:\xampp\htdocs\Inventario\lib\Cake\Model\Datasource\DboSource.php(1719): DboSource->fields(Object(AppModel), 'ItemUnit', '')
#4 C:\xampp\htdocs\Inventario\lib\Cake\Model\Datasource\DboSource.php(1093): DboSource->generateAssociationQuery(Object(Item), Object(AppModel), 'belongsTo', 'ItemUnit', Array, Array, false)
#5 C:\xampp\htdocs\Inventario\lib\Cake\Model\Model.php(2921): DboSource->read(Object(Item), Array)
#6 C:\xampp\htdocs\Inventario\lib\Cake\Model\Model.php(2893): Model->_readDataSource('all', Array)
#7 C:\xampp\htdocs\Inventario\lib\Cake\Controller\Component\PaginatorComponent.php(196): Model->find('all', Array)
#8 C:\xampp\htdocs\Inventario\app\Controller\ItemsController.php(26): PaginatorComponent->paginate()
#9 [internal function]: ItemsController->index()
#10 C:\xampp\htdocs\Inventario\lib\Cake\Controller\Controller.php(490): ReflectionMethod->invokeArgs(Object(ItemsController), Array)
#11 C:\xampp\htdocs\Inventario\lib\Cake\Routing\Dispatcher.php(191): Controller->invokeAction(Object(CakeRequest))
#12 C:\xampp\htdocs\Inventario\lib\Cake\Routing\Dispatcher.php(165): Dispatcher->_invoke(Object(ItemsController), Object(CakeRequest))
#13 C:\xampp\htdocs\Inventario\app\webroot\index.php(108): Dispatcher->dispatch(Object(CakeRequest), Object(CakeResponse))
#14 {main}
2014-07-31 23:49:38 Error: [MissingControllerException] Controller class ItemController could not be found.
Exception Attributes: array (
  'class' => 'ItemController',
  'plugin' => NULL,
)
Request URL: /Inventario/item/
Stack Trace:
#0 C:\xampp\htdocs\Inventario\app\webroot\index.php(108): Dispatcher->dispatch(Object(CakeRequest), Object(CakeResponse))
#1 {main}
2014-07-31 23:49:41 Error: [MissingTableException] Table item_units for model ItemUnit was not found in datasource default.
Exception Attributes: array (
  'table' => 'item_units',
  'class' => 'ItemUnit',
  'ds' => 'default',
)
Request URL: /Inventario/items/
Stack Trace:
#0 C:\xampp\htdocs\Inventario\lib\Cake\Model\Model.php(3525): Model->setSource('item_units')
#1 C:\xampp\htdocs\Inventario\lib\Cake\Model\Model.php(1365): Model->getDataSource()
#2 C:\xampp\htdocs\Inventario\lib\Cake\Model\Datasource\DboSource.php(2494): Model->schema()
#3 C:\xampp\htdocs\Inventario\lib\Cake\Model\Datasource\DboSource.php(1719): DboSource->fields(Object(AppModel), 'ItemUnit', '')
#4 C:\xampp\htdocs\Inventario\lib\Cake\Model\Datasource\DboSource.php(1093): DboSource->generateAssociationQuery(Object(Item), Object(AppModel), 'belongsTo', 'ItemUnit', Array, Array, false)
#5 C:\xampp\htdocs\Inventario\lib\Cake\Model\Model.php(2921): DboSource->read(Object(Item), Array)
#6 C:\xampp\htdocs\Inventario\lib\Cake\Model\Model.php(2893): Model->_readDataSource('all', Array)
#7 C:\xampp\htdocs\Inventario\lib\Cake\Controller\Component\PaginatorComponent.php(196): Model->find('all', Array)
#8 C:\xampp\htdocs\Inventario\app\Controller\ItemsController.php(26): PaginatorComponent->paginate()
#9 [internal function]: ItemsController->index()
#10 C:\xampp\htdocs\Inventario\lib\Cake\Controller\Controller.php(490): ReflectionMethod->invokeArgs(Object(ItemsController), Array)
#11 C:\xampp\htdocs\Inventario\lib\Cake\Routing\Dispatcher.php(191): Controller->invokeAction(Object(CakeRequest))
#12 C:\xampp\htdocs\Inventario\lib\Cake\Routing\Dispatcher.php(165): Dispatcher->_invoke(Object(ItemsController), Object(CakeRequest))
#13 C:\xampp\htdocs\Inventario\app\webroot\index.php(108): Dispatcher->dispatch(Object(CakeRequest), Object(CakeResponse))
#14 {main}
2014-07-31 23:52:44 Error: [MissingTableException] Table item_categories for model ItemCategory was not found in datasource default.
Exception Attributes: array (
  'table' => 'item_categories',
  'class' => 'ItemCategory',
  'ds' => 'default',
)
Request URL: /Inventario/items/
Stack Trace:
#0 C:\xampp\htdocs\Inventario\lib\Cake\Model\Model.php(3525): Model->setSource('item_categories')
#1 C:\xampp\htdocs\Inventario\lib\Cake\Model\Model.php(1365): Model->getDataSource()
#2 C:\xampp\htdocs\Inventario\lib\Cake\Model\Datasource\DboSource.php(2494): Model->schema()
#3 C:\xampp\htdocs\Inventario\lib\Cake\Model\Datasource\DboSource.php(1719): DboSource->fields(Object(AppModel), 'ItemCategory', '')
#4 C:\xampp\htdocs\Inventario\lib\Cake\Model\Datasource\DboSource.php(1093): DboSource->generateAssociationQuery(Object(Item), Object(AppModel), 'belongsTo', 'ItemCategory', Array, Array, false)
#5 C:\xampp\htdocs\Inventario\lib\Cake\Model\Model.php(2921): DboSource->read(Object(Item), Array)
#6 C:\xampp\htdocs\Inventario\lib\Cake\Model\Model.php(2893): Model->_readDataSource('all', Array)
#7 C:\xampp\htdocs\Inventario\lib\Cake\Controller\Component\PaginatorComponent.php(196): Model->find('all', Array)
#8 C:\xampp\htdocs\Inventario\app\Controller\ItemsController.php(26): PaginatorComponent->paginate()
#9 [internal function]: ItemsController->index()
#10 C:\xampp\htdocs\Inventario\lib\Cake\Controller\Controller.php(490): ReflectionMethod->invokeArgs(Object(ItemsController), Array)
#11 C:\xampp\htdocs\Inventario\lib\Cake\Routing\Dispatcher.php(191): Controller->invokeAction(Object(CakeRequest))
#12 C:\xampp\htdocs\Inventario\lib\Cake\Routing\Dispatcher.php(165): Dispatcher->_invoke(Object(ItemsController), Object(CakeRequest))
#13 C:\xampp\htdocs\Inventario\app\webroot\index.php(108): Dispatcher->dispatch(Object(CakeRequest), Object(CakeResponse))
#14 {main}
2014-07-31 23:56:53 Error: Fatal Error (4): syntax error, unexpected ';' in [C:\xampp\htdocs\Inventario\app\View\Categories\add.ctp, line 6]
2014-07-31 23:56:53 Error: [FatalErrorException] syntax error, unexpected ';'
Request URL: /Inventario/categories/add
Stack Trace:
#0 C:\xampp\htdocs\Inventario\lib\Cake\Error\ErrorHandler.php(203): ErrorHandler::handleFatalError(4, 'syntax error, u...', 'C:\\xampp\\htdocs...', 6)
#1 [internal function]: ErrorHandler::handleError(4, 'syntax error, u...', 'C:\\xampp\\htdocs...', 6, Array)
#2 C:\xampp\htdocs\Inventario\lib\Cake\Core\App.php(931): call_user_func('ErrorHandler::h...', 4, 'syntax error, u...', 'C:\\xampp\\htdocs...', 6, Array)
#3 C:\xampp\htdocs\Inventario\lib\Cake\Core\App.php(904): App::_checkFatalError()
#4 [internal function]: App::shutdown()
#5 {main}
2014-08-01 00:02:16 Error: Fatal Error (1): Call to a member function find() on a non-object in [C:\xampp\htdocs\Inventario\app\Controller\ItemsController.php, line 59]
2014-08-01 00:02:16 Error: [FatalErrorException] Call to a member function find() on a non-object
Request URL: /Inventario/items/add
Stack Trace:
#0 C:\xampp\htdocs\Inventario\lib\Cake\Error\ErrorHandler.php(203): ErrorHandler::handleFatalError(1, 'Call to a membe...', 'C:\\xampp\\htdocs...', 59)
#1 [internal function]: ErrorHandler::handleError(1, 'Call to a membe...', 'C:\\xampp\\htdocs...', 59, Array)
#2 C:\xampp\htdocs\Inventario\lib\Cake\Core\App.php(931): call_user_func('ErrorHandler::h...', 1, 'Call to a membe...', 'C:\\xampp\\htdocs...', 59, Array)
#3 C:\xampp\htdocs\Inventario\lib\Cake\Core\App.php(904): App::_checkFatalError()
#4 [internal function]: App::shutdown()
#5 {main}
2014-08-01 00:02:44 Error: [MissingTableException] Table item_units for model ItemUnit was not found in datasource default.
Exception Attributes: array (
  'table' => 'item_units',
  'class' => 'ItemUnit',
  'ds' => 'default',
)
Request URL: /Inventario/items/add
Stack Trace:
#0 C:\xampp\htdocs\Inventario\lib\Cake\Model\Model.php(3525): Model->setSource('item_units')
#1 C:\xampp\htdocs\Inventario\lib\Cake\Model\Model.php(1365): Model->getDataSource()
#2 C:\xampp\htdocs\Inventario\lib\Cake\Model\Model.php(1457): Model->schema()
#3 C:\xampp\htdocs\Inventario\lib\Cake\Model\Model.php(1444): Model->hasField('title', false)
#4 C:\xampp\htdocs\Inventario\lib\Cake\Model\Model.php(888): Model->hasField(Array)
#5 C:\xampp\htdocs\Inventario\lib\Cake\Model\Model.php(3088): Model->__get('displayField')
#6 C:\xampp\htdocs\Inventario\lib\Cake\Model\Model.php(2953): Model->_findList('before', Array)
#7 C:\xampp\htdocs\Inventario\lib\Cake\Model\Model.php(2888): Model->buildQuery('list', Array)
#8 C:\xampp\htdocs\Inventario\app\Controller\ItemsController.php(59): Model->find('list')
#9 [internal function]: ItemsController->add()
#10 C:\xampp\htdocs\Inventario\lib\Cake\Controller\Controller.php(490): ReflectionMethod->invokeArgs(Object(ItemsController), Array)
#11 C:\xampp\htdocs\Inventario\lib\Cake\Routing\Dispatcher.php(191): Controller->invokeAction(Object(CakeRequest))
#12 C:\xampp\htdocs\Inventario\lib\Cake\Routing\Dispatcher.php(165): Dispatcher->_invoke(Object(ItemsController), Object(CakeRequest))
#13 C:\xampp\htdocs\Inventario\app\webroot\index.php(108): Dispatcher->dispatch(Object(CakeRequest), Object(CakeResponse))
#14 {main}
2014-08-02 00:05:03 Error: [MissingControllerException] Controller class CategoriesController could not be found.
Exception Attributes: array (
  'class' => 'CategoriesController',
  'plugin' => NULL,
)
Request URL: /Inventario/categories
Stack Trace:
#0 C:\xampp\htdocs\Inventario\app\webroot\index.php(108): Dispatcher->dispatch(Object(CakeRequest), Object(CakeResponse))
#1 {main}
2014-08-02 00:11:39 Error: [MissingControllerException] Controller class CategoriesController could not be found.
Exception Attributes: array (
  'class' => 'CategoriesController',
  'plugin' => NULL,
)
Request URL: /Inventario/categories
Stack Trace:
#0 C:\xampp\htdocs\Inventario\app\webroot\index.php(108): Dispatcher->dispatch(Object(CakeRequest), Object(CakeResponse))
#1 {main}
2014-08-02 22:27:12 Error: [MissingViewException] View file "C:\xampp\htdocs\Inventario\app\View\Units\index.ctp" is missing.
Exception Attributes: array (
  'file' => 'C:\\xampp\\htdocs\\Inventario\\app\\View\\Units\\index.ctp',
)
Request URL: /Inventario/units/
Stack Trace:
#0 C:\xampp\htdocs\Inventario\lib\Cake\View\View.php(468): View->_getViewFileName(NULL)
#1 C:\xampp\htdocs\Inventario\lib\Cake\Controller\Controller.php(954): View->render(NULL, NULL)
#2 C:\xampp\htdocs\Inventario\lib\Cake\Routing\Dispatcher.php(198): Controller->render()
#3 C:\xampp\htdocs\Inventario\lib\Cake\Routing\Dispatcher.php(165): Dispatcher->_invoke(Object(UnitsController), Object(CakeRequest))
#4 C:\xampp\htdocs\Inventario\app\webroot\index.php(108): Dispatcher->dispatch(Object(CakeRequest), Object(CakeResponse))
#5 {main}
2014-08-02 22:39:59 Error: [MissingViewException] View file "C:\xampp\htdocs\Inventario\app\View\Units\index.ctp" is missing.
Exception Attributes: array (
  'file' => 'C:\\xampp\\htdocs\\Inventario\\app\\View\\Units\\index.ctp',
)
Request URL: /Inventario/units
Stack Trace:
#0 C:\xampp\htdocs\Inventario\lib\Cake\View\View.php(468): View->_getViewFileName(NULL)
#1 C:\xampp\htdocs\Inventario\lib\Cake\Controller\Controller.php(954): View->render(NULL, NULL)
#2 C:\xampp\htdocs\Inventario\lib\Cake\Routing\Dispatcher.php(198): Controller->render()
#3 C:\xampp\htdocs\Inventario\lib\Cake\Routing\Dispatcher.php(165): Dispatcher->_invoke(Object(UnitsController), Object(CakeRequest))
#4 C:\xampp\htdocs\Inventario\app\webroot\index.php(108): Dispatcher->dispatch(Object(CakeRequest), Object(CakeResponse))
#5 {main}
2014-08-02 23:17:12 Error: [CakeException] Can not determine the mimetype.
Request URL: /Inventario/items/add
Stack Trace:
#0 [internal function]: Validation::mimeType(Array, Array)
#1 C:\xampp\htdocs\Inventario\lib\Cake\Model\Validator\CakeValidationRule.php(277): call_user_func_array(Array, Array)
#2 C:\xampp\htdocs\Inventario\lib\Cake\Model\Validator\CakeValidationSet.php(135): CakeValidationRule->process('item_picture', Array, Array)
#3 C:\xampp\htdocs\Inventario\lib\Cake\Model\ModelValidator.php(267): CakeValidationSet->validate(Array, false)
#4 C:\xampp\htdocs\Inventario\lib\Cake\Model\ModelValidator.php(99): ModelValidator->errors(Array)
#5 C:\xampp\htdocs\Inventario\lib\Cake\Model\Model.php(3341): ModelValidator->validates(Array)
#6 C:\xampp\htdocs\Inventario\lib\Cake\Model\Model.php(1754): Model->validates(Array)
#7 C:\xampp\htdocs\Inventario\app\Controller\ItemsController.php(52): Model->save(Array)
#8 [internal function]: ItemsController->add()
#9 C:\xampp\htdocs\Inventario\lib\Cake\Controller\Controller.php(490): ReflectionMethod->invokeArgs(Object(ItemsController), Array)
#10 C:\xampp\htdocs\Inventario\lib\Cake\Routing\Dispatcher.php(191): Controller->invokeAction(Object(CakeRequest))
#11 C:\xampp\htdocs\Inventario\lib\Cake\Routing\Dispatcher.php(165): Dispatcher->_invoke(Object(ItemsController), Object(CakeRequest))
#12 C:\xampp\htdocs\Inventario\app\webroot\index.php(108): Dispatcher->dispatch(Object(CakeRequest), Object(CakeResponse))
#13 {main}
2014-08-02 23:18:20 Error: [PDOException] SQLSTATE[42S22]: Column not found: 1054 Unknown column 'Array' in 'field list'
Request URL: /Inventario/items/add
Stack Trace:
#0 C:\xampp\htdocs\Inventario\lib\Cake\Model\Datasource\DboSource.php(458): PDOStatement->execute(Array)
#1 C:\xampp\htdocs\Inventario\lib\Cake\Model\Datasource\DboSource.php(424): DboSource->_execute('INSERT INTO `in...', Array)
#2 C:\xampp\htdocs\Inventario\lib\Cake\Model\Datasource\DboSource.php(1012): DboSource->execute('INSERT INTO `in...')
#3 C:\xampp\htdocs\Inventario\lib\Cake\Model\Model.php(1850): DboSource->create(Object(Item), Array, Array)
#4 C:\xampp\htdocs\Inventario\app\Controller\ItemsController.php(52): Model->save(Array)
#5 [internal function]: ItemsController->add()
#6 C:\xampp\htdocs\Inventario\lib\Cake\Controller\Controller.php(490): ReflectionMethod->invokeArgs(Object(ItemsController), Array)
#7 C:\xampp\htdocs\Inventario\lib\Cake\Routing\Dispatcher.php(191): Controller->invokeAction(Object(CakeRequest))
#8 C:\xampp\htdocs\Inventario\lib\Cake\Routing\Dispatcher.php(165): Dispatcher->_invoke(Object(ItemsController), Object(CakeRequest))
#9 C:\xampp\htdocs\Inventario\app\webroot\index.php(108): Dispatcher->dispatch(Object(CakeRequest), Object(CakeResponse))
#10 {main}
2014-08-02 23:28:19 Error: Fatal Error (4): syntax error, unexpected ')', expecting ',' or ';' in [C:\xampp\htdocs\Inventario\app\View\Items\add.ctp, line 9]
2014-08-02 23:28:19 Error: [FatalErrorException] syntax error, unexpected ')', expecting ',' or ';'
Request URL: /Inventario/items/add
Stack Trace:
#0 C:\xampp\htdocs\Inventario\lib\Cake\Error\ErrorHandler.php(203): ErrorHandler::handleFatalError(4, 'syntax error, u...', 'C:\\xampp\\htdocs...', 9)
#1 [internal function]: ErrorHandler::handleError(4, 'syntax error, u...', 'C:\\xampp\\htdocs...', 9, Array)
#2 C:\xampp\htdocs\Inventario\lib\Cake\Core\App.php(931): call_user_func('ErrorHandler::h...', 4, 'syntax error, u...', 'C:\\xampp\\htdocs...', 9, Array)
#3 C:\xampp\htdocs\Inventario\lib\Cake\Core\App.php(904): App::_checkFatalError()
#4 [internal function]: App::shutdown()
#5 {main}
2014-08-03 00:00:28 Error: [MissingViewException] View file "C:\xampp\htdocs\Inventario\app\View\Units\add.ctp" is missing.
Exception Attributes: array (
  'file' => 'C:\\xampp\\htdocs\\Inventario\\app\\View\\Units\\add.ctp',
)
Request URL: /Inventario/units/add
Stack Trace:
#0 C:\xampp\htdocs\Inventario\lib\Cake\View\View.php(468): View->_getViewFileName(NULL)
#1 C:\xampp\htdocs\Inventario\lib\Cake\Controller\Controller.php(954): View->render(NULL, NULL)
#2 C:\xampp\htdocs\Inventario\lib\Cake\Routing\Dispatcher.php(198): Controller->render()
#3 C:\xampp\htdocs\Inventario\lib\Cake\Routing\Dispatcher.php(165): Dispatcher->_invoke(Object(UnitsController), Object(CakeRequest))
#4 C:\xampp\htdocs\Inventario\app\webroot\index.php(108): Dispatcher->dispatch(Object(CakeRequest), Object(CakeResponse))
#5 {main}
2014-08-03 00:00:46 Error: [CakeException] Can not determine the mimetype.
Request URL: /Inventario/items/add
Stack Trace:
#0 [internal function]: Validation::mimeType(Array, Array)
#1 C:\xampp\htdocs\Inventario\lib\Cake\Model\Validator\CakeValidationRule.php(277): call_user_func_array(Array, Array)
#2 C:\xampp\htdocs\Inventario\lib\Cake\Model\Validator\CakeValidationSet.php(135): CakeValidationRule->process('item_picture', Array, Array)
#3 C:\xampp\htdocs\Inventario\lib\Cake\Model\ModelValidator.php(267): CakeValidationSet->validate(Array, false)
#4 C:\xampp\htdocs\Inventario\lib\Cake\Model\ModelValidator.php(99): ModelValidator->errors(Array)
#5 C:\xampp\htdocs\Inventario\lib\Cake\Model\Model.php(3341): ModelValidator->validates(Array)
#6 C:\xampp\htdocs\Inventario\lib\Cake\Model\Model.php(1754): Model->validates(Array)
#7 C:\xampp\htdocs\Inventario\app\Controller\ItemsController.php(56): Model->save(Array)
#8 [internal function]: ItemsController->add()
#9 C:\xampp\htdocs\Inventario\lib\Cake\Controller\Controller.php(490): ReflectionMethod->invokeArgs(Object(ItemsController), Array)
#10 C:\xampp\htdocs\Inventario\lib\Cake\Routing\Dispatcher.php(191): Controller->invokeAction(Object(CakeRequest))
#11 C:\xampp\htdocs\Inventario\lib\Cake\Routing\Dispatcher.php(165): Dispatcher->_invoke(Object(ItemsController), Object(CakeRequest))
#12 C:\xampp\htdocs\Inventario\app\webroot\index.php(108): Dispatcher->dispatch(Object(CakeRequest), Object(CakeResponse))
#13 {main}
2014-08-03 00:04:10 Error: [CakeException] Can not determine the mimetype.
Request URL: /Inventario/items/add
Stack Trace:
#0 [internal function]: Validation::mimeType(Array, Array)
#1 C:\xampp\htdocs\Inventario\lib\Cake\Model\Validator\CakeValidationRule.php(277): call_user_func_array(Array, Array)
#2 C:\xampp\htdocs\Inventario\lib\Cake\Model\Validator\CakeValidationSet.php(135): CakeValidationRule->process('item_picture', Array, Array)
#3 C:\xampp\htdocs\Inventario\lib\Cake\Model\ModelValidator.php(267): CakeValidationSet->validate(Array, false)
#4 C:\xampp\htdocs\Inventario\lib\Cake\Model\ModelValidator.php(99): ModelValidator->errors(Array)
#5 C:\xampp\htdocs\Inventario\lib\Cake\Model\Model.php(3341): ModelValidator->validates(Array)
#6 C:\xampp\htdocs\Inventario\lib\Cake\Model\Model.php(1754): Model->validates(Array)
#7 C:\xampp\htdocs\Inventario\app\Controller\ItemsController.php(56): Model->save(Array)
#8 [internal function]: ItemsController->add()
#9 C:\xampp\htdocs\Inventario\lib\Cake\Controller\Controller.php(490): ReflectionMethod->invokeArgs(Object(ItemsController), Array)
#10 C:\xampp\htdocs\Inventario\lib\Cake\Routing\Dispatcher.php(191): Controller->invokeAction(Object(CakeRequest))
#11 C:\xampp\htdocs\Inventario\lib\Cake\Routing\Dispatcher.php(165): Dispatcher->_invoke(Object(ItemsController), Object(CakeRequest))
#12 C:\xampp\htdocs\Inventario\app\webroot\index.php(108): Dispatcher->dispatch(Object(CakeRequest), Object(CakeResponse))
#13 {main}
2014-08-03 00:06:21 Error: [CakeException] Can not determine the mimetype.
Request URL: /Inventario/items/add
Stack Trace:
#0 [internal function]: Validation::mimeType(Array, Array)
#1 C:\xampp\htdocs\Inventario\lib\Cake\Model\Validator\CakeValidationRule.php(277): call_user_func_array(Array, Array)
#2 C:\xampp\htdocs\Inventario\lib\Cake\Model\Validator\CakeValidationSet.php(135): CakeValidationRule->process('item_picture', Array, Array)
#3 C:\xampp\htdocs\Inventario\lib\Cake\Model\ModelValidator.php(267): CakeValidationSet->validate(Array, false)
#4 C:\xampp\htdocs\Inventario\lib\Cake\Model\ModelValidator.php(99): ModelValidator->errors(Array)
#5 C:\xampp\htdocs\Inventario\lib\Cake\Model\Model.php(3341): ModelValidator->validates(Array)
#6 C:\xampp\htdocs\Inventario\lib\Cake\Model\Model.php(1754): Model->validates(Array)
#7 C:\xampp\htdocs\Inventario\app\Controller\ItemsController.php(56): Model->save(Array)
#8 [internal function]: ItemsController->add()
#9 C:\xampp\htdocs\Inventario\lib\Cake\Controller\Controller.php(490): ReflectionMethod->invokeArgs(Object(ItemsController), Array)
#10 C:\xampp\htdocs\Inventario\lib\Cake\Routing\Dispatcher.php(191): Controller->invokeAction(Object(CakeRequest))
#11 C:\xampp\htdocs\Inventario\lib\Cake\Routing\Dispatcher.php(165): Dispatcher->_invoke(Object(ItemsController), Object(CakeRequest))
#12 C:\xampp\htdocs\Inventario\app\webroot\index.php(108): Dispatcher->dispatch(Object(CakeRequest), Object(CakeResponse))
#13 {main}
2014-08-03 00:06:33 Error: [CakeException] Can not determine the mimetype.
Request URL: /Inventario/items/add
Stack Trace:
#0 [internal function]: Validation::mimeType(Array, Array)
#1 C:\xampp\htdocs\Inventario\lib\Cake\Model\Validator\CakeValidationRule.php(277): call_user_func_array(Array, Array)
#2 C:\xampp\htdocs\Inventario\lib\Cake\Model\Validator\CakeValidationSet.php(135): CakeValidationRule->process('item_picture', Array, Array)
#3 C:\xampp\htdocs\Inventario\lib\Cake\Model\ModelValidator.php(267): CakeValidationSet->validate(Array, false)
#4 C:\xampp\htdocs\Inventario\lib\Cake\Model\ModelValidator.php(99): ModelValidator->errors(Array)
#5 C:\xampp\htdocs\Inventario\lib\Cake\Model\Model.php(3341): ModelValidator->validates(Array)
#6 C:\xampp\htdocs\Inventario\lib\Cake\Model\Model.php(1754): Model->validates(Array)
#7 C:\xampp\htdocs\Inventario\app\Controller\ItemsController.php(56): Model->save(Array)
#8 [internal function]: ItemsController->add()
#9 C:\xampp\htdocs\Inventario\lib\Cake\Controller\Controller.php(490): ReflectionMethod->invokeArgs(Object(ItemsController), Array)
#10 C:\xampp\htdocs\Inventario\lib\Cake\Routing\Dispatcher.php(191): Controller->invokeAction(Object(CakeRequest))
#11 C:\xampp\htdocs\Inventario\lib\Cake\Routing\Dispatcher.php(165): Dispatcher->_invoke(Object(ItemsController), Object(CakeRequest))
#12 C:\xampp\htdocs\Inventario\app\webroot\index.php(108): Dispatcher->dispatch(Object(CakeRequest), Object(CakeResponse))
#13 {main}
2014-08-03 00:13:32 Error: [MissingViewException] View file "C:\xampp\htdocs\Inventario\app\View\Units\view.ctp" is missing.
Exception Attributes: array (
  'file' => 'C:\\xampp\\htdocs\\Inventario\\app\\View\\Units\\view.ctp',
)
Request URL: /Inventario/units/view/12
Stack Trace:
#0 C:\xampp\htdocs\Inventario\lib\Cake\View\View.php(468): View->_getViewFileName(NULL)
#1 C:\xampp\htdocs\Inventario\lib\Cake\Controller\Controller.php(954): View->render(NULL, NULL)
#2 C:\xampp\htdocs\Inventario\lib\Cake\Routing\Dispatcher.php(198): Controller->render()
#3 C:\xampp\htdocs\Inventario\lib\Cake\Routing\Dispatcher.php(165): Dispatcher->_invoke(Object(UnitsController), Object(CakeRequest))
#4 C:\xampp\htdocs\Inventario\app\webroot\index.php(108): Dispatcher->dispatch(Object(CakeRequest), Object(CakeResponse))
#5 {main}
2014-08-03 00:38:34 Error: [CakeException] Can not determine the mimetype.
Request URL: /Inventario/items/add
Stack Trace:
#0 [internal function]: Validation::mimeType(Array, Array)
#1 C:\xampp\htdocs\Inventario\lib\Cake\Model\Validator\CakeValidationRule.php(277): call_user_func_array(Array, Array)
#2 C:\xampp\htdocs\Inventario\lib\Cake\Model\Validator\CakeValidationSet.php(135): CakeValidationRule->process('item_picture', Array, Array)
#3 C:\xampp\htdocs\Inventario\lib\Cake\Model\ModelValidator.php(267): CakeValidationSet->validate(Array, false)
#4 C:\xampp\htdocs\Inventario\lib\Cake\Model\ModelValidator.php(99): ModelValidator->errors(Array)
#5 C:\xampp\htdocs\Inventario\lib\Cake\Model\Model.php(3341): ModelValidator->validates(Array)
#6 C:\xampp\htdocs\Inventario\lib\Cake\Model\Model.php(1754): Model->validates(Array)
#7 C:\xampp\htdocs\Inventario\app\Controller\ItemsController.php(56): Model->save(Array)
#8 [internal function]: ItemsController->add()
#9 C:\xampp\htdocs\Inventario\lib\Cake\Controller\Controller.php(490): ReflectionMethod->invokeArgs(Object(ItemsController), Array)
#10 C:\xampp\htdocs\Inventario\lib\Cake\Routing\Dispatcher.php(191): Controller->invokeAction(Object(CakeRequest))
#11 C:\xampp\htdocs\Inventario\lib\Cake\Routing\Dispatcher.php(165): Dispatcher->_invoke(Object(ItemsController), Object(CakeRequest))
#12 C:\xampp\htdocs\Inventario\app\webroot\index.php(108): Dispatcher->dispatch(Object(CakeRequest), Object(CakeResponse))
#13 {main}
2014-08-03 01:22:58 Error: Fatal Error (1): Call to a member function find() on a non-object in [C:\xampp\htdocs\Inventario\app\Controller\CategoriesController.php, line 59]
2014-08-03 01:22:58 Error: [FatalErrorException] Call to a member function find() on a non-object
Request URL: /Inventario/categories/add
Stack Trace:
#0 C:\xampp\htdocs\Inventario\lib\Cake\Error\ErrorHandler.php(203): ErrorHandler::handleFatalError(1, 'Call to a membe...', 'C:\\xampp\\htdocs...', 59)
#1 [internal function]: ErrorHandler::handleError(1, 'Call to a membe...', 'C:\\xampp\\htdocs...', 59, Array)
#2 C:\xampp\htdocs\Inventario\lib\Cake\Core\App.php(931): call_user_func('ErrorHandler::h...', 1, 'Call to a membe...', 'C:\\xampp\\htdocs...', 59, Array)
#3 C:\xampp\htdocs\Inventario\lib\Cake\Core\App.php(904): App::_checkFatalError()
#4 [internal function]: App::shutdown()
#5 {main}
2014-08-03 01:37:35 Error: Fatal Error (4): syntax error, unexpected '=>' (T_DOUBLE_ARROW) in [C:\xampp\htdocs\Inventario\app\View\Categories\view.ctp, line 21]
2014-08-03 01:37:35 Error: [FatalErrorException] syntax error, unexpected '=>' (T_DOUBLE_ARROW)
Request URL: /Inventario/categories/view/-1
Stack Trace:
#0 C:\xampp\htdocs\Inventario\lib\Cake\Error\ErrorHandler.php(203): ErrorHandler::handleFatalError(4, 'syntax error, u...', 'C:\\xampp\\htdocs...', 21)
#1 [internal function]: ErrorHandler::handleError(4, 'syntax error, u...', 'C:\\xampp\\htdocs...', 21, Array)
#2 C:\xampp\htdocs\Inventario\lib\Cake\Core\App.php(931): call_user_func('ErrorHandler::h...', 4, 'syntax error, u...', 'C:\\xampp\\htdocs...', 21, Array)
#3 C:\xampp\htdocs\Inventario\lib\Cake\Core\App.php(904): App::_checkFatalError()
#4 [internal function]: App::shutdown()
#5 {main}
2014-08-03 17:58:19 Error: [MissingViewException] View file "C:\xampp\htdocs\Inventario\app\View\Units\view.ctp" is missing.
Exception Attributes: array (
  'file' => 'C:\\xampp\\htdocs\\Inventario\\app\\View\\Units\\view.ctp',
)
Request URL: /Inventario/units/view/7
Stack Trace:
#0 C:\xampp\htdocs\Inventario\lib\Cake\View\View.php(468): View->_getViewFileName(NULL)
#1 C:\xampp\htdocs\Inventario\lib\Cake\Controller\Controller.php(954): View->render(NULL, NULL)
#2 C:\xampp\htdocs\Inventario\lib\Cake\Routing\Dispatcher.php(198): Controller->render()
#3 C:\xampp\htdocs\Inventario\lib\Cake\Routing\Dispatcher.php(165): Dispatcher->_invoke(Object(UnitsController), Object(CakeRequest))
#4 C:\xampp\htdocs\Inventario\app\webroot\index.php(108): Dispatcher->dispatch(Object(CakeRequest), Object(CakeResponse))
#5 {main}
2014-08-03 19:57:59 Error: Fatal Error (1): Call to undefined function Memento() in [C:\xampp\htdocs\Inventario\app\Controller\ItemsController.php, line 58]
2014-08-03 19:57:59 Error: [FatalErrorException] Call to undefined function Memento()
Request URL: /Inventario/items/add
Stack Trace:
#0 C:\xampp\htdocs\Inventario\lib\Cake\Error\ErrorHandler.php(203): ErrorHandler::handleFatalError(1, 'Call to undefin...', 'C:\\xampp\\htdocs...', 58)
#1 [internal function]: ErrorHandler::handleError(1, 'Call to undefin...', 'C:\\xampp\\htdocs...', 58, Array)
#2 C:\xampp\htdocs\Inventario\lib\Cake\Core\App.php(931): call_user_func('ErrorHandler::h...', 1, 'Call to undefin...', 'C:\\xampp\\htdocs...', 58, Array)
#3 C:\xampp\htdocs\Inventario\lib\Cake\Core\App.php(904): App::_checkFatalError()
#4 [internal function]: App::shutdown()
#5 {main}
2014-08-03 19:59:39 Error: Fatal Error (1): Call to undefined function Memento() in [C:\xampp\htdocs\Inventario\app\Controller\ItemsController.php, line 58]
2014-08-03 19:59:39 Error: [FatalErrorException] Call to undefined function Memento()
Request URL: /Inventario/items/add
Stack Trace:
#0 C:\xampp\htdocs\Inventario\lib\Cake\Error\ErrorHandler.php(203): ErrorHandler::handleFatalError(1, 'Call to undefin...', 'C:\\xampp\\htdocs...', 58)
#1 [internal function]: ErrorHandler::handleError(1, 'Call to undefin...', 'C:\\xampp\\htdocs...', 58, Array)
#2 C:\xampp\htdocs\Inventario\lib\Cake\Core\App.php(931): call_user_func('ErrorHandler::h...', 1, 'Call to undefin...', 'C:\\xampp\\htdocs...', 58, Array)
#3 C:\xampp\htdocs\Inventario\lib\Cake\Core\App.php(904): App::_checkFatalError()
#4 [internal function]: App::shutdown()
#5 {main}
2014-08-03 20:01:07 Error: Fatal Error (1): Call to undefined function Memento() in [C:\xampp\htdocs\Inventario\app\Controller\ItemsController.php, line 58]
2014-08-03 20:01:08 Error: [FatalErrorException] Call to undefined function Memento()
Request URL: /Inventario/items/add
Stack Trace:
#0 C:\xampp\htdocs\Inventario\lib\Cake\Error\ErrorHandler.php(203): ErrorHandler::handleFatalError(1, 'Call to undefin...', 'C:\\xampp\\htdocs...', 58)
#1 [internal function]: ErrorHandler::handleError(1, 'Call to undefin...', 'C:\\xampp\\htdocs...', 58, Array)
#2 C:\xampp\htdocs\Inventario\lib\Cake\Core\App.php(931): call_user_func('ErrorHandler::h...', 1, 'Call to undefin...', 'C:\\xampp\\htdocs...', 58, Array)
#3 C:\xampp\htdocs\Inventario\lib\Cake\Core\App.php(904): App::_checkFatalError()
#4 [internal function]: App::shutdown()
#5 {main}
2014-08-03 20:11:09 Error: Fatal Error (1): Class 'Undo' not found in [C:\xampp\htdocs\Inventario\app\Controller\AppController.php, line 33]
2014-08-03 20:11:09 Error: [FatalErrorException] Class 'Undo' not found
Request URL: /Inventario/items/add
Stack Trace:
#0 C:\xampp\htdocs\Inventario\lib\Cake\Error\ErrorHandler.php(203): ErrorHandler::handleFatalError(1, 'Class 'Undo' no...', 'C:\\xampp\\htdocs...', 33)
#1 [internal function]: ErrorHandler::handleError(1, 'Class 'Undo' no...', 'C:\\xampp\\htdocs...', 33, Array)
#2 C:\xampp\htdocs\Inventario\lib\Cake\Core\App.php(931): call_user_func('ErrorHandler::h...', 1, 'Class 'Undo' no...', 'C:\\xampp\\htdocs...', 33, Array)
#3 C:\xampp\htdocs\Inventario\lib\Cake\Core\App.php(904): App::_checkFatalError()
#4 [internal function]: App::shutdown()
#5 {main}
2014-08-03 20:11:52 Error: Fatal Error (1): Class 'UndoController' not found in [C:\xampp\htdocs\Inventario\app\Controller\AppController.php, line 33]
2014-08-03 20:11:52 Error: [FatalErrorException] Class 'UndoController' not found
Request URL: /Inventario/items/add
Stack Trace:
#0 C:\xampp\htdocs\Inventario\lib\Cake\Error\ErrorHandler.php(203): ErrorHandler::handleFatalError(1, 'Class 'UndoCont...', 'C:\\xampp\\htdocs...', 33)
#1 [internal function]: ErrorHandler::handleError(1, 'Class 'UndoCont...', 'C:\\xampp\\htdocs...', 33, Array)
#2 C:\xampp\htdocs\Inventario\lib\Cake\Core\App.php(931): call_user_func('ErrorHandler::h...', 1, 'Class 'UndoCont...', 'C:\\xampp\\htdocs...', 33, Array)
#3 C:\xampp\htdocs\Inventario\lib\Cake\Core\App.php(904): App::_checkFatalError()
#4 [internal function]: App::shutdown()
#5 {main}
2014-08-03 20:12:04 Error: Fatal Error (1): Class 'UndoController' not found in [C:\xampp\htdocs\Inventario\app\Controller\AppController.php, line 33]
2014-08-03 20:12:04 Error: [FatalErrorException] Class 'UndoController' not found
Request URL: /Inventario/items/add
Stack Trace:
#0 C:\xampp\htdocs\Inventario\lib\Cake\Error\ErrorHandler.php(203): ErrorHandler::handleFatalError(1, 'Class 'UndoCont...', 'C:\\xampp\\htdocs...', 33)
#1 [internal function]: ErrorHandler::handleError(1, 'Class 'UndoCont...', 'C:\\xampp\\htdocs...', 33, Array)
#2 C:\xampp\htdocs\Inventario\lib\Cake\Core\App.php(931): call_user_func('ErrorHandler::h...', 1, 'Class 'UndoCont...', 'C:\\xampp\\htdocs...', 33, Array)
#3 C:\xampp\htdocs\Inventario\lib\Cake\Core\App.php(904): App::_checkFatalError()
#4 [internal function]: App::shutdown()
#5 {main}
2014-08-03 20:12:06 Error: Fatal Error (1): Class 'UndoController' not found in [C:\xampp\htdocs\Inventario\app\Controller\AppController.php, line 33]
2014-08-03 20:12:06 Error: [FatalErrorException] Class 'UndoController' not found
Request URL: /Inventario/items/add
Stack Trace:
#0 C:\xampp\htdocs\Inventario\lib\Cake\Error\ErrorHandler.php(203): ErrorHandler::handleFatalError(1, 'Class 'UndoCont...', 'C:\\xampp\\htdocs...', 33)
#1 [internal function]: ErrorHandler::handleError(1, 'Class 'UndoCont...', 'C:\\xampp\\htdocs...', 33, Array)
#2 C:\xampp\htdocs\Inventario\lib\Cake\Core\App.php(931): call_user_func('ErrorHandler::h...', 1, 'Class 'UndoCont...', 'C:\\xampp\\htdocs...', 33, Array)
#3 C:\xampp\htdocs\Inventario\lib\Cake\Core\App.php(904): App::_checkFatalError()
#4 [internal function]: App::shutdown()
#5 {main}
2014-08-03 20:12:06 Error: Fatal Error (1): Class 'UndoController' not found in [C:\xampp\htdocs\Inventario\app\Controller\AppController.php, line 33]
2014-08-03 20:12:06 Error: [FatalErrorException] Class 'UndoController' not found
Request URL: /Inventario/items/add
Stack Trace:
#0 C:\xampp\htdocs\Inventario\lib\Cake\Error\ErrorHandler.php(203): ErrorHandler::handleFatalError(1, 'Class 'UndoCont...', 'C:\\xampp\\htdocs...', 33)
#1 [internal function]: ErrorHandler::handleError(1, 'Class 'UndoCont...', 'C:\\xampp\\htdocs...', 33, Array)
#2 C:\xampp\htdocs\Inventario\lib\Cake\Core\App.php(931): call_user_func('ErrorHandler::h...', 1, 'Class 'UndoCont...', 'C:\\xampp\\htdocs...', 33, Array)
#3 C:\xampp\htdocs\Inventario\lib\Cake\Core\App.php(904): App::_checkFatalError()
#4 [internal function]: App::shutdown()
#5 {main}
2014-08-03 20:12:06 Error: Fatal Error (1): Class 'UndoController' not found in [C:\xampp\htdocs\Inventario\app\Controller\AppController.php, line 33]
2014-08-03 20:12:06 Error: [FatalErrorException] Class 'UndoController' not found
Request URL: /Inventario/items/add
Stack Trace:
#0 C:\xampp\htdocs\Inventario\lib\Cake\Error\ErrorHandler.php(203): ErrorHandler::handleFatalError(1, 'Class 'UndoCont...', 'C:\\xampp\\htdocs...', 33)
#1 [internal function]: ErrorHandler::handleError(1, 'Class 'UndoCont...', 'C:\\xampp\\htdocs...', 33, Array)
#2 C:\xampp\htdocs\Inventario\lib\Cake\Core\App.php(931): call_user_func('ErrorHandler::h...', 1, 'Class 'UndoCont...', 'C:\\xampp\\htdocs...', 33, Array)
#3 C:\xampp\htdocs\Inventario\lib\Cake\Core\App.php(904): App::_checkFatalError()
#4 [internal function]: App::shutdown()
#5 {main}
2014-08-03 20:16:00 Error: Fatal Error (1): Class 'UndoController' not found in [C:\xampp\htdocs\Inventario\app\Controller\ItemsController.php, line 10]
2014-08-03 20:16:00 Error: [FatalErrorException] Class 'UndoController' not found
Request URL: /Inventario/items/add
Stack Trace:
#0 C:\xampp\htdocs\Inventario\lib\Cake\Error\ErrorHandler.php(203): ErrorHandler::handleFatalError(1, 'Class 'UndoCont...', 'C:\\xampp\\htdocs...', 10)
#1 [internal function]: ErrorHandler::handleError(1, 'Class 'UndoCont...', 'C:\\xampp\\htdocs...', 10, Array)
#2 C:\xampp\htdocs\Inventario\lib\Cake\Core\App.php(931): call_user_func('ErrorHandler::h...', 1, 'Class 'UndoCont...', 'C:\\xampp\\htdocs...', 10, Array)
#3 C:\xampp\htdocs\Inventario\lib\Cake\Core\App.php(904): App::_checkFatalError()
#4 [internal function]: App::shutdown()
#5 {main}
2014-08-03 20:16:01 Error: Fatal Error (1): Class 'UndoController' not found in [C:\xampp\htdocs\Inventario\app\Controller\ItemsController.php, line 10]
2014-08-03 20:16:01 Error: [FatalErrorException] Class 'UndoController' not found
Request URL: /Inventario/items/add
Stack Trace:
#0 C:\xampp\htdocs\Inventario\lib\Cake\Error\ErrorHandler.php(203): ErrorHandler::handleFatalError(1, 'Class 'UndoCont...', 'C:\\xampp\\htdocs...', 10)
#1 [internal function]: ErrorHandler::handleError(1, 'Class 'UndoCont...', 'C:\\xampp\\htdocs...', 10, Array)
#2 C:\xampp\htdocs\Inventario\lib\Cake\Core\App.php(931): call_user_func('ErrorHandler::h...', 1, 'Class 'UndoCont...', 'C:\\xampp\\htdocs...', 10, Array)
#3 C:\xampp\htdocs\Inventario\lib\Cake\Core\App.php(904): App::_checkFatalError()
#4 [internal function]: App::shutdown()
#5 {main}
2014-08-03 20:16:01 Error: Fatal Error (1): Class 'UndoController' not found in [C:\xampp\htdocs\Inventario\app\Controller\ItemsController.php, line 10]
2014-08-03 20:16:01 Error: [FatalErrorException] Class 'UndoController' not found
Request URL: /Inventario/items/add
Stack Trace:
#0 C:\xampp\htdocs\Inventario\lib\Cake\Error\ErrorHandler.php(203): ErrorHandler::handleFatalError(1, 'Class 'UndoCont...', 'C:\\xampp\\htdocs...', 10)
#1 [internal function]: ErrorHandler::handleError(1, 'Class 'UndoCont...', 'C:\\xampp\\htdocs...', 10, Array)
#2 C:\xampp\htdocs\Inventario\lib\Cake\Core\App.php(931): call_user_func('ErrorHandler::h...', 1, 'Class 'UndoCont...', 'C:\\xampp\\htdocs...', 10, Array)
#3 C:\xampp\htdocs\Inventario\lib\Cake\Core\App.php(904): App::_checkFatalError()
#4 [internal function]: App::shutdown()
#5 {main}
2014-08-03 20:16:01 Error: Fatal Error (1): Class 'UndoController' not found in [C:\xampp\htdocs\Inventario\app\Controller\ItemsController.php, line 10]
2014-08-03 20:16:01 Error: [FatalErrorException] Class 'UndoController' not found
Request URL: /Inventario/items/add
Stack Trace:
#0 C:\xampp\htdocs\Inventario\lib\Cake\Error\ErrorHandler.php(203): ErrorHandler::handleFatalError(1, 'Class 'UndoCont...', 'C:\\xampp\\htdocs...', 10)
#1 [internal function]: ErrorHandler::handleError(1, 'Class 'UndoCont...', 'C:\\xampp\\htdocs...', 10, Array)
#2 C:\xampp\htdocs\Inventario\lib\Cake\Core\App.php(931): call_user_func('ErrorHandler::h...', 1, 'Class 'UndoCont...', 'C:\\xampp\\htdocs...', 10, Array)
#3 C:\xampp\htdocs\Inventario\lib\Cake\Core\App.php(904): App::_checkFatalError()
#4 [internal function]: App::shutdown()
#5 {main}
2014-08-03 22:16:27 Error: Fatal Error (4): syntax error, unexpected '(', expecting identifier (T_STRING) or variable (T_VARIABLE) or '{' or '$' in [C:\xampp\htdocs\Inventario\app\Controller\UndoController.php, line 62]
2014-08-03 22:16:27 Error: [FatalErrorException] syntax error, unexpected '(', expecting identifier (T_STRING) or variable (T_VARIABLE) or '{' or '$'
Request URL: /Inventario/
Stack Trace:
#0 C:\xampp\htdocs\Inventario\lib\Cake\Error\ErrorHandler.php(203): ErrorHandler::handleFatalError(4, 'syntax error, u...', 'C:\\xampp\\htdocs...', 62)
#1 [internal function]: ErrorHandler::handleError(4, 'syntax error, u...', 'C:\\xampp\\htdocs...', 62, Array)
#2 C:\xampp\htdocs\Inventario\lib\Cake\Core\App.php(931): call_user_func('ErrorHandler::h...', 4, 'syntax error, u...', 'C:\\xampp\\htdocs...', 62, Array)
#3 C:\xampp\htdocs\Inventario\lib\Cake\Core\App.php(904): App::_checkFatalError()
#4 [internal function]: App::shutdown()
#5 {main}
2014-08-03 22:20:27 Error: [MissingViewException] View file "C:\xampp\htdocs\Inventario\app\View\Categories\set_memento.ctp" is missing.
Exception Attributes: array (
  'file' => 'C:\\xampp\\htdocs\\Inventario\\app\\View\\Categories\\set_memento.ctp',
)
Request URL: /Inventario/categories/setMemento
Stack Trace:
#0 C:\xampp\htdocs\Inventario\lib\Cake\View\View.php(468): View->_getViewFileName(NULL)
#1 C:\xampp\htdocs\Inventario\lib\Cake\Controller\Controller.php(954): View->render(NULL, NULL)
#2 C:\xampp\htdocs\Inventario\lib\Cake\Routing\Dispatcher.php(198): Controller->render()
#3 C:\xampp\htdocs\Inventario\lib\Cake\Routing\Dispatcher.php(165): Dispatcher->_invoke(Object(CategoriesController), Object(CakeRequest))
#4 C:\xampp\htdocs\Inventario\app\webroot\index.php(108): Dispatcher->dispatch(Object(CakeRequest), Object(CakeResponse))
#5 {main}
2014-08-03 22:24:33 Error: [MissingViewException] View file "C:\xampp\htdocs\Inventario\app\View\Categories\set_memento.ctp" is missing.
Exception Attributes: array (
  'file' => 'C:\\xampp\\htdocs\\Inventario\\app\\View\\Categories\\set_memento.ctp',
)
Request URL: /Inventario/categories/setMemento
Stack Trace:
#0 C:\xampp\htdocs\Inventario\lib\Cake\View\View.php(468): View->_getViewFileName(NULL)
#1 C:\xampp\htdocs\Inventario\lib\Cake\Controller\Controller.php(954): View->render(NULL, NULL)
#2 C:\xampp\htdocs\Inventario\lib\Cake\Routing\Dispatcher.php(198): Controller->render()
#3 C:\xampp\htdocs\Inventario\lib\Cake\Routing\Dispatcher.php(165): Dispatcher->_invoke(Object(CategoriesController), Object(CakeRequest))
#4 C:\xampp\htdocs\Inventario\app\webroot\index.php(108): Dispatcher->dispatch(Object(CakeRequest), Object(CakeResponse))
#5 {main}
2014-08-03 22:55:01 Error: [MissingControllerException] Controller class InventarioController could not be found.
Exception Attributes: array (
  'class' => 'InventarioController',
  'plugin' => NULL,
)
Request URL: /Inventario/inventario/categories
Stack Trace:
#0 C:\xampp\htdocs\Inventario\app\webroot\index.php(108): Dispatcher->dispatch(Object(CakeRequest), Object(CakeResponse))
#1 {main}
2014-08-03 23:39:40 Error: Fatal Error (1): Cannot use object of type Item as array in [C:\xampp\htdocs\Inventario\app\Controller\ItemsController.php, line 58]
2014-08-03 23:39:40 Error: [FatalErrorException] Cannot use object of type Item as array
Request URL: /Inventario/items/add
Stack Trace:
#0 C:\xampp\htdocs\Inventario\lib\Cake\Error\ErrorHandler.php(203): ErrorHandler::handleFatalError(1, 'Cannot use obje...', 'C:\\xampp\\htdocs...', 58)
#1 [internal function]: ErrorHandler::handleError(1, 'Cannot use obje...', 'C:\\xampp\\htdocs...', 58, Array)
#2 C:\xampp\htdocs\Inventario\lib\Cake\Core\App.php(931): call_user_func('ErrorHandler::h...', 1, 'Cannot use obje...', 'C:\\xampp\\htdocs...', 58, Array)
#3 C:\xampp\htdocs\Inventario\lib\Cake\Core\App.php(904): App::_checkFatalError()
#4 [internal function]: App::shutdown()
#5 {main}
2014-08-03 23:45:33 Error: [MissingViewException] View file "C:\xampp\htdocs\Inventario\app\View\Categories\set_memento.ctp" is missing.
Exception Attributes: array (
  'file' => 'C:\\xampp\\htdocs\\Inventario\\app\\View\\Categories\\set_memento.ctp',
)
Request URL: /Inventario/categories/setMemento
Stack Trace:
#0 C:\xampp\htdocs\Inventario\lib\Cake\View\View.php(468): View->_getViewFileName(NULL)
#1 C:\xampp\htdocs\Inventario\lib\Cake\Controller\Controller.php(954): View->render(NULL, NULL)
#2 C:\xampp\htdocs\Inventario\lib\Cake\Routing\Dispatcher.php(198): Controller->render()
#3 C:\xampp\htdocs\Inventario\lib\Cake\Routing\Dispatcher.php(165): Dispatcher->_invoke(Object(CategoriesController), Object(CakeRequest))
#4 C:\xampp\htdocs\Inventario\app\webroot\index.php(108): Dispatcher->dispatch(Object(CakeRequest), Object(CakeResponse))
#5 {main}
2014-08-03 23:55:43 Error: Fatal Error (1): Call to undefined method ItemsController::read() in [C:\xampp\htdocs\Inventario\app\Controller\UndoController.php, line 90]
2014-08-03 23:55:43 Error: [FatalErrorException] Call to undefined method ItemsController::read()
Request URL: /Inventario/items/setMemento
Stack Trace:
#0 C:\xampp\htdocs\Inventario\lib\Cake\Error\ErrorHandler.php(203): ErrorHandler::handleFatalError(1, 'Call to undefin...', 'C:\\xampp\\htdocs...', 90)
#1 [internal function]: ErrorHandler::handleError(1, 'Call to undefin...', 'C:\\xampp\\htdocs...', 90, Array)
#2 C:\xampp\htdocs\Inventario\lib\Cake\Core\App.php(931): call_user_func('ErrorHandler::h...', 1, 'Call to undefin...', 'C:\\xampp\\htdocs...', 90, Array)
#3 C:\xampp\htdocs\Inventario\lib\Cake\Core\App.php(904): App::_checkFatalError()
#4 [internal function]: App::shutdown()
#5 {main}
2014-08-04 00:16:00 Error: Fatal Error (1): Cannot use object of type Item as array in [C:\xampp\htdocs\Inventario\app\Controller\ItemsController.php, line 58]
2014-08-04 00:16:01 Error: [FatalErrorException] Cannot use object of type Item as array
Request URL: /Inventario/items/add
Stack Trace:
#0 C:\xampp\htdocs\Inventario\lib\Cake\Error\ErrorHandler.php(203): ErrorHandler::handleFatalError(1, 'Cannot use obje...', 'C:\\xampp\\htdocs...', 58)
#1 [internal function]: ErrorHandler::handleError(1, 'Cannot use obje...', 'C:\\xampp\\htdocs...', 58, Array)
#2 C:\xampp\htdocs\Inventario\lib\Cake\Core\App.php(931): call_user_func('ErrorHandler::h...', 1, 'Cannot use obje...', 'C:\\xampp\\htdocs...', 58, Array)
#3 C:\xampp\htdocs\Inventario\lib\Cake\Core\App.php(904): App::_checkFatalError()
#4 [internal function]: App::shutdown()
#5 {main}
